{"numTotalTestSuites":43,"numPassedTestSuites":43,"numFailedTestSuites":0,"numPendingTestSuites":0,"numTotalTests":64,"numPassedTests":64,"numFailedTests":0,"numPendingTests":0,"numTodoTests":0,"snapshot":{"added":0,"failure":false,"filesAdded":0,"filesRemoved":0,"filesRemovedList":[],"filesUnmatched":0,"filesUpdated":0,"matched":0,"total":0,"unchecked":0,"uncheckedKeysByFile":[],"unmatched":0,"updated":0,"didUpdate":false},"startTime":1749240390754,"success":true,"testResults":[{"assertionResults":[{"ancestorTitles":["Home Page"],"fullName":"Home Page renders without crashing","status":"passed","title":"renders without crashing","duration":30.781083999999964,"failureMessages":[],"location":{"line":8,"column":3},"meta":{}},{"ancestorTitles":["Home Page"],"fullName":"Home Page displays the main content sections","status":"passed","title":"displays the main content sections","duration":14.906084000000192,"failureMessages":[],"location":{"line":13,"column":3},"meta":{}},{"ancestorTitles":["Home Page"],"fullName":"Home Page has proper semantic structure","status":"passed","title":"has proper semantic structure","duration":9.732999999999947,"failureMessages":[],"location":{"line":20,"column":3},"meta":{}}],"startTime":1749240392218,"endTime":1749240392272.733,"status":"passed","message":"","name":"/Users/fristname_lastname/Documents/Obsidian/dboard/src/app/page.test.tsx"},{"assertionResults":[{"ancestorTitles":["PerformanceMonitor"],"fullName":"PerformanceMonitor should start and end a phase successfully","status":"passed","title":"should start and end a phase successfully","duration":11.757665999999972,"failureMessages":[],"location":{"line":26,"column":3},"meta":{}},{"ancestorTitles":["PerformanceMonitor"],"fullName":"PerformanceMonitor should handle ending non-existent phase gracefully","status":"passed","title":"should handle ending non-existent phase gracefully","duration":1.1381670000000668,"failureMessages":[],"location":{"line":41,"column":3},"meta":{}},{"ancestorTitles":["PerformanceMonitor"],"fullName":"PerformanceMonitor should add custom metrics","status":"passed","title":"should add custom metrics","duration":0.6984999999999673,"failureMessages":[],"location":{"line":46,"column":3},"meta":{}},{"ancestorTitles":["PerformanceMonitor"],"fullName":"PerformanceMonitor should measure memory usage","status":"passed","title":"should measure memory usage","duration":0.3621669999997721,"failureMessages":[],"location":{"line":60,"column":3},"meta":{}},{"ancestorTitles":["Utility functions"],"fullName":"Utility functions should create CI performance monitor","status":"passed","title":"should create CI performance monitor","duration":0.286167000000205,"failureMessages":[],"location":{"line":74,"column":3},"meta":{}},{"ancestorTitles":["Utility functions"],"fullName":"Utility functions should measure execution time","status":"passed","title":"should measure execution time","duration":0.2511669999998958,"failureMessages":[],"location":{"line":90,"column":3},"meta":{}},{"ancestorTitles":["Utility functions"],"fullName":"Utility functions should check performance thresholds","status":"passed","title":"should check performance thresholds","duration":0.5025000000000546,"failureMessages":[],"location":{"line":106,"column":3},"meta":{}},{"ancestorTitles":["Utility functions"],"fullName":"Utility functions should compare with baseline","status":"passed","title":"should compare with baseline","duration":0.27858400000013717,"failureMessages":[],"location":{"line":120,"column":3},"meta":{}}],"startTime":1749240393730,"endTime":1749240393746.2786,"status":"passed","message":"","name":"/Users/fristname_lastname/Documents/Obsidian/dboard/src/lib/performance.test.ts"},{"assertionResults":[{"ancestorTitles":["Environment Configuration","getAppConfig"],"fullName":"Environment Configuration getAppConfig returns application configuration object","status":"passed","title":"returns application configuration object","duration":0.9854169999998703,"failureMessages":[],"location":{"line":15,"column":5},"meta":{}},{"ancestorTitles":["Environment Configuration","getAppConfig"],"fullName":"Environment Configuration getAppConfig includes required app fields","status":"passed","title":"includes required app fields","duration":0.3894159999999829,"failureMessages":[],"location":{"line":21,"column":5},"meta":{}},{"ancestorTitles":["Environment Configuration","getAuthConfig"],"fullName":"Environment Configuration getAuthConfig returns null when auth config is not available","status":"passed","title":"returns null when auth config is not available","duration":0.20362499999919237,"failureMessages":[],"location":{"line":30,"column":5},"meta":{}},{"ancestorTitles":["Environment Configuration","getAnalyticsConfig"],"fullName":"Environment Configuration getAnalyticsConfig returns analytics configuration object","status":"passed","title":"returns analytics configuration object","duration":0.13554199999998673,"failureMessages":[],"location":{"line":37,"column":5},"meta":{}},{"ancestorTitles":["Environment Configuration","getFeatureFlags"],"fullName":"Environment Configuration getFeatureFlags returns feature flags configuration","status":"passed","title":"returns feature flags configuration","duration":0.21391700000003766,"failureMessages":[],"location":{"line":45,"column":5},"meta":{}},{"ancestorTitles":["Environment Configuration","Environment Detection"],"fullName":"Environment Configuration Environment Detection correctly identifies test environment","status":"passed","title":"correctly identifies test environment","duration":0.17966599999999744,"failureMessages":[],"location":{"line":55,"column":5},"meta":{}},{"ancestorTitles":["Environment Configuration","Environment Detection"],"fullName":"Environment Configuration Environment Detection returns boolean values for environment checks","status":"passed","title":"returns boolean values for environment checks","duration":0.16600000000016735,"failureMessages":[],"location":{"line":61,"column":5},"meta":{}}],"startTime":1749240394712,"endTime":1749240394714.2139,"status":"passed","message":"","name":"/Users/fristname_lastname/Documents/Obsidian/dboard/tests/unit/env.test.ts"},{"assertionResults":[{"ancestorTitles":["Enhanced Testing Environment - Async Utilities","waitForCondition"],"fullName":"Enhanced Testing Environment - Async Utilities waitForCondition should wait for condition to be met","status":"passed","title":"should wait for condition to be met","duration":102.83066599999995,"failureMessages":[],"location":{"line":18,"column":5},"meta":{}},{"ancestorTitles":["Enhanced Testing Environment - Async Utilities","waitForCondition"],"fullName":"Enhanced Testing Environment - Async Utilities waitForCondition should timeout if condition is not met","status":"passed","title":"should timeout if condition is not met","duration":102.00079200000005,"failureMessages":[],"location":{"line":29,"column":5},"meta":{}},{"ancestorTitles":["Enhanced Testing Environment - Async Utilities","waitForElement"],"fullName":"Enhanced Testing Environment - Async Utilities waitForElement should wait for element to appear in DOM","status":"passed","title":"should wait for element to appear in DOM","duration":53.709959000000026,"failureMessages":[],"location":{"line":37,"column":5},"meta":{}},{"ancestorTitles":["Enhanced Testing Environment - Async Utilities","waitForElementText"],"fullName":"Enhanced Testing Environment - Async Utilities waitForElementText should wait for element to contain specific text","status":"passed","title":"should wait for element to contain specific text","duration":51.97295800000006,"failureMessages":[],"location":{"line":51,"column":5},"meta":{}},{"ancestorTitles":["Enhanced Testing Environment - Async Utilities","pollUntil"],"fullName":"Enhanced Testing Environment - Async Utilities pollUntil should poll until predicate returns true","status":"passed","title":"should poll until predicate returns true","duration":22.84570800000006,"failureMessages":[],"location":{"line":66,"column":5},"meta":{}},{"ancestorTitles":["Enhanced Testing Environment - Async Utilities","createDeferred"],"fullName":"Enhanced Testing Environment - Async Utilities createDeferred should create a deferred promise","status":"passed","title":"should create a deferred promise","duration":51.671749999999975,"failureMessages":[],"location":{"line":80,"column":5},"meta":{}},{"ancestorTitles":["Enhanced Testing Environment - Async Utilities","withTimeout"],"fullName":"Enhanced Testing Environment - Async Utilities withTimeout should resolve when promise completes within timeout","status":"passed","title":"should resolve when promise completes within timeout","duration":51.01716699999997,"failureMessages":[],"location":{"line":93,"column":5},"meta":{}},{"ancestorTitles":["Enhanced Testing Environment - Async Utilities","withTimeout"],"fullName":"Enhanced Testing Environment - Async Utilities withTimeout should reject when promise exceeds timeout","status":"passed","title":"should reject when promise exceeds timeout","duration":102.30649999999991,"failureMessages":[],"location":{"line":102,"column":5},"meta":{}},{"ancestorTitles":["Enhanced Testing Environment - DOM Utilities","domUtils"],"fullName":"Enhanced Testing Environment - DOM Utilities domUtils should create clean environment","status":"passed","title":"should create clean environment","duration":1.0755840000001626,"failureMessages":[],"location":{"line":114,"column":5},"meta":{}},{"ancestorTitles":["Enhanced Testing Environment - DOM Utilities","domUtils"],"fullName":"Enhanced Testing Environment - DOM Utilities domUtils should set viewport dimensions","status":"passed","title":"should set viewport dimensions","duration":0.3040000000000873,"failureMessages":[],"location":{"line":124,"column":5},"meta":{}},{"ancestorTitles":["Enhanced Testing Environment - DOM Utilities","domUtils"],"fullName":"Enhanced Testing Environment - DOM Utilities domUtils should create elements with attributes","status":"passed","title":"should create elements with attributes","duration":0.38075000000003456,"failureMessages":[],"location":{"line":131,"column":5},"meta":{}},{"ancestorTitles":["Enhanced Testing Environment - DOM Utilities","domUtils"],"fullName":"Enhanced Testing Environment - DOM Utilities domUtils should simulate user interactions","status":"passed","title":"should simulate user interactions","duration":0.6397499999998217,"failureMessages":[],"location":{"line":147,"column":5},"meta":{}}],"startTime":1749240391281,"endTime":1749240391823.6396,"status":"passed","message":"","name":"/Users/fristname_lastname/Documents/Obsidian/dboard/tests/unit/testing-environment.test.ts"},{"assertionResults":[{"ancestorTitles":["Application Integration Tests"],"fullName":"Application Integration Tests renders complete application structure","status":"passed","title":"renders complete application structure","duration":30.927458000000115,"failureMessages":[],"location":{"line":15,"column":3},"meta":{}},{"ancestorTitles":["Application Integration Tests"],"fullName":"Application Integration Tests environment component integrates properly with app structure","status":"passed","title":"environment component integrates properly with app structure","duration":3.704458000000159,"failureMessages":[],"location":{"line":26,"column":3},"meta":{}},{"ancestorTitles":["Application Integration Tests"],"fullName":"Application Integration Tests handles component interactions correctly","status":"passed","title":"handles component interactions correctly","duration":1.8701249999999163,"failureMessages":[],"location":{"line":36,"column":3},"meta":{}},{"ancestorTitles":["Application Integration Tests"],"fullName":"Application Integration Tests maintains proper accessibility throughout the app","status":"passed","title":"maintains proper accessibility throughout the app","duration":14.999833000000308,"failureMessages":[],"location":{"line":47,"column":3},"meta":{}}],"startTime":1749240392625,"endTime":1749240392676.9998,"status":"passed","message":"","name":"/Users/fristname_lastname/Documents/Obsidian/dboard/tests/integration/app-integration.test.tsx"},{"assertionResults":[{"ancestorTitles":["Integration Tests - Enhanced Testing Environment","Browser API Mocking"],"fullName":"Integration Tests - Enhanced Testing Environment Browser API Mocking should work with mocked localStorage","status":"passed","title":"should work with mocked localStorage","duration":1.463083000000097,"failureMessages":[],"location":{"line":17,"column":5},"meta":{}},{"ancestorTitles":["Integration Tests - Enhanced Testing Environment","Browser API Mocking"],"fullName":"Integration Tests - Enhanced Testing Environment Browser API Mocking should work with mocked fetch","status":"passed","title":"should work with mocked fetch","duration":0.38045800000008967,"failureMessages":[],"location":{"line":29,"column":5},"meta":{}},{"ancestorTitles":["Integration Tests - Enhanced Testing Environment","React 19 Compatibility"],"fullName":"Integration Tests - Enhanced Testing Environment React 19 Compatibility should handle async components properly","status":"passed","title":"should handle async components properly","duration":8.786207999999988,"failureMessages":[],"location":{"line":41,"column":5},"meta":{}}],"startTime":1749240394079,"endTime":1749240394089.7861,"status":"passed","message":"","name":"/Users/fristname_lastname/Documents/Obsidian/dboard/tests/integration/enhanced-testing.test.tsx"},{"assertionResults":[{"ancestorTitles":["Testing Guide Validation"],"fullName":"Testing Guide Validation validates basic rendering pattern from guide","status":"passed","title":"validates basic rendering pattern from guide","duration":15.071207999999842,"failureMessages":[],"location":{"line":26,"column":3},"meta":{}},{"ancestorTitles":["Testing Guide Validation"],"fullName":"Testing Guide Validation validates async testing pattern from guide","status":"passed","title":"validates async testing pattern from guide","duration":3.247707999999875,"failureMessages":[],"location":{"line":35,"column":3},"meta":{}},{"ancestorTitles":["Testing Guide Validation"],"fullName":"Testing Guide Validation validates mocking pattern from guide","status":"passed","title":"validates mocking pattern from guide","duration":0.39924999999993815,"failureMessages":[],"location":{"line":48,"column":3},"meta":{}},{"ancestorTitles":["Testing Guide Validation"],"fullName":"Testing Guide Validation validates testUtils global availability","status":"passed","title":"validates testUtils global availability","duration":0.1795839999999771,"failureMessages":[],"location":{"line":56,"column":3},"meta":{}},{"ancestorTitles":["Testing Guide Validation"],"fullName":"Testing Guide Validation validates environment setup","status":"passed","title":"validates environment setup","duration":0.18370899999990797,"failureMessages":[],"location":{"line":65,"column":3},"meta":{}}],"startTime":1749240393384,"endTime":1749240393403.1836,"status":"passed","message":"","name":"/Users/fristname_lastname/Documents/Obsidian/dboard/tests/integration/testing-guide-validation.test.tsx"},{"assertionResults":[{"ancestorTitles":["EnvTestComponent"],"fullName":"EnvTestComponent renders environment variables section","status":"passed","title":"renders environment variables section","duration":10.59533300000021,"failureMessages":[],"location":{"line":8,"column":3},"meta":{}},{"ancestorTitles":["EnvTestComponent"],"fullName":"EnvTestComponent displays test button","status":"passed","title":"displays test button","duration":2.555000000000291,"failureMessages":[],"location":{"line":13,"column":3},"meta":{}},{"ancestorTitles":["EnvTestComponent"],"fullName":"EnvTestComponent shows proper instructional text","status":"passed","title":"shows proper instructional text","duration":1.8531669999997575,"failureMessages":[],"location":{"line":18,"column":3},"meta":{}},{"ancestorTitles":["EnvTestComponent"],"fullName":"EnvTestComponent has proper structure with button","status":"passed","title":"has proper structure with button","duration":5.591667000000143,"failureMessages":[],"location":{"line":25,"column":3},"meta":{}}],"startTime":1749240392989,"endTime":1749240393009.5916,"status":"passed","message":"","name":"/Users/fristname_lastname/Documents/Obsidian/dboard/src/components/debug/EnvTestComponent.test.tsx"},{"assertionResults":[{"ancestorTitles":["DataProviderRegistryImpl","register"],"fullName":"DataProviderRegistryImpl register should register a provider","status":"passed","title":"should register a provider","duration":1.1653329999999187,"failureMessages":[],"location":{"line":129,"column":5},"meta":{}},{"ancestorTitles":["DataProviderRegistryImpl","register"],"fullName":"DataProviderRegistryImpl register should allow multiple providers","status":"passed","title":"should allow multiple providers","duration":0.5340410000007978,"failureMessages":[],"location":{"line":136,"column":5},"meta":{}},{"ancestorTitles":["DataProviderRegistryImpl","unregister"],"fullName":"DataProviderRegistryImpl unregister should unregister a provider","status":"passed","title":"should unregister a provider","duration":0.2892920000003869,"failureMessages":[],"location":{"line":147,"column":5},"meta":{}},{"ancestorTitles":["DataProviderRegistryImpl","unregister"],"fullName":"DataProviderRegistryImpl unregister should handle unregistering non-existent provider","status":"passed","title":"should handle unregistering non-existent provider","duration":0.33179199999995035,"failureMessages":[],"location":{"line":156,"column":5},"meta":{}},{"ancestorTitles":["DataProviderRegistryImpl","isRegistered"],"fullName":"DataProviderRegistryImpl isRegistered should return false for unregistered provider","status":"passed","title":"should return false for unregistered provider","duration":0.16241600000012113,"failureMessages":[],"location":{"line":162,"column":5},"meta":{}},{"ancestorTitles":["DataProviderRegistryImpl","isRegistered"],"fullName":"DataProviderRegistryImpl isRegistered should return true for registered provider","status":"passed","title":"should return true for registered provider","duration":0.11683300000004238,"failureMessages":[],"location":{"line":166,"column":5},"meta":{}},{"ancestorTitles":["DataProviderRegistryImpl","getRegistered"],"fullName":"DataProviderRegistryImpl getRegistered should return empty array initially","status":"passed","title":"should return empty array initially","duration":0.31062499999916326,"failureMessages":[],"location":{"line":173,"column":5},"meta":{}},{"ancestorTitles":["DataProviderRegistryImpl","getRegistered"],"fullName":"DataProviderRegistryImpl getRegistered should return registered provider types","status":"passed","title":"should return registered provider types","duration":0.17016700000021956,"failureMessages":[],"location":{"line":177,"column":5},"meta":{}},{"ancestorTitles":["DataProviderFactoryImpl","create"],"fullName":"DataProviderFactoryImpl create should create a provider instance","status":"passed","title":"should create a provider instance","duration":0.33699999999953434,"failureMessages":[],"location":{"line":209,"column":5},"meta":{}},{"ancestorTitles":["DataProviderFactoryImpl","create"],"fullName":"DataProviderFactoryImpl create should throw error for unregistered provider type","status":"passed","title":"should throw error for unregistered provider type","duration":0.2233750000004875,"failureMessages":[],"location":{"line":219,"column":5},"meta":{}},{"ancestorTitles":["DataProviderFactoryImpl","register"],"fullName":"DataProviderFactoryImpl register should register provider in underlying registry","status":"passed","title":"should register provider in underlying registry","duration":0.1444999999994252,"failureMessages":[],"location":{"line":227,"column":5},"meta":{}},{"ancestorTitles":["DataProviderFactoryImpl","getAvailableTypes"],"fullName":"DataProviderFactoryImpl getAvailableTypes should return empty array initially","status":"passed","title":"should return empty array initially","duration":0.10379199999988487,"failureMessages":[],"location":{"line":236,"column":5},"meta":{}},{"ancestorTitles":["DataProviderFactoryImpl","getAvailableTypes"],"fullName":"DataProviderFactoryImpl getAvailableTypes should return registered types","status":"passed","title":"should return registered types","duration":0.10487499999999272,"failureMessages":[],"location":{"line":240,"column":5},"meta":{}},{"ancestorTitles":["DataProviderFactoryImpl","validateConfig"],"fullName":"DataProviderFactoryImpl validateConfig should validate valid PostgreSQL config","status":"passed","title":"should validate valid PostgreSQL config","duration":0.2082090000003518,"failureMessages":[],"location":{"line":252,"column":5},"meta":{}},{"ancestorTitles":["DataProviderFactoryImpl","validateConfig"],"fullName":"DataProviderFactoryImpl validateConfig should return error for missing provider type","status":"passed","title":"should return error for missing provider type","duration":0.1240829999997004,"failureMessages":[],"location":{"line":259,"column":5},"meta":{}},{"ancestorTitles":["DataProviderFactoryImpl","validateConfig"],"fullName":"DataProviderFactoryImpl validateConfig should return error for unregistered provider type","status":"passed","title":"should return error for unregistered provider type","duration":0.181416999999783,"failureMessages":[],"location":{"line":268,"column":5},"meta":{}},{"ancestorTitles":["DataProviderFactoryImpl","validateConfig"],"fullName":"DataProviderFactoryImpl validateConfig should validate PostgreSQL specific fields","status":"passed","title":"should validate PostgreSQL specific fields","duration":0.32995800000026065,"failureMessages":[],"location":{"line":285,"column":5},"meta":{}},{"ancestorTitles":["DataProviderFactoryImpl","validateConfig"],"fullName":"DataProviderFactoryImpl validateConfig should validate ClickHouse config fields (future)","status":"passed","title":"should validate ClickHouse config fields (future)","duration":0.1702500000001237,"failureMessages":[],"location":{"line":305,"column":5},"meta":{}}],"startTime":1749240394399,"endTime":1749240394404.33,"status":"passed","message":"","name":"/Users/fristname_lastname/Documents/Obsidian/dboard/src/providers/base/ProviderFactory.test.ts"}]}