{"numTotalTestSuites":31,"numPassedTestSuites":31,"numFailedTestSuites":0,"numPendingTestSuites":0,"numTotalTests":42,"numPassedTests":42,"numFailedTests":0,"numPendingTests":0,"numTodoTests":0,"snapshot":{"added":0,"failure":false,"filesAdded":0,"filesRemoved":0,"filesRemovedList":[],"filesUnmatched":0,"filesUpdated":0,"matched":0,"total":0,"unchecked":0,"uncheckedKeysByFile":[],"unmatched":0,"updated":0,"didUpdate":false},"startTime":1749001471209,"success":true,"testResults":[{"assertionResults":[{"ancestorTitles":["Home Page"],"fullName":"Home Page renders without crashing","status":"passed","title":"renders without crashing","duration":78.69150000000013,"failureMessages":[],"location":{"line":8,"column":3},"meta":{}},{"ancestorTitles":["Home Page"],"fullName":"Home Page displays the main heading","status":"passed","title":"displays the main heading","duration":21.211208999999826,"failureMessages":[],"location":{"line":13,"column":3},"meta":{}},{"ancestorTitles":["Home Page"],"fullName":"Home Page has proper semantic structure","status":"passed","title":"has proper semantic structure","duration":20.43491599999993,"failureMessages":[],"location":{"line":20,"column":3},"meta":{}}],"startTime":1749001472853,"endTime":1749001472973.4348,"status":"passed","message":"","name":"/Users/fristname_lastname/Documents/Obsidian/dboard/src/app/page.test.tsx"},{"assertionResults":[{"ancestorTitles":["PerformanceMonitor"],"fullName":"PerformanceMonitor should start and end a phase successfully","status":"passed","title":"should start and end a phase successfully","duration":14.650458999999955,"failureMessages":[],"location":{"line":26,"column":3},"meta":{}},{"ancestorTitles":["PerformanceMonitor"],"fullName":"PerformanceMonitor should handle ending non-existent phase gracefully","status":"passed","title":"should handle ending non-existent phase gracefully","duration":4.361833000000161,"failureMessages":[],"location":{"line":41,"column":3},"meta":{}},{"ancestorTitles":["PerformanceMonitor"],"fullName":"PerformanceMonitor should add custom metrics","status":"passed","title":"should add custom metrics","duration":0.9719579999998587,"failureMessages":[],"location":{"line":46,"column":3},"meta":{}},{"ancestorTitles":["PerformanceMonitor"],"fullName":"PerformanceMonitor should measure memory usage","status":"passed","title":"should measure memory usage","duration":1.7490000000000236,"failureMessages":[],"location":{"line":60,"column":3},"meta":{}},{"ancestorTitles":["Utility functions"],"fullName":"Utility functions should create CI performance monitor","status":"passed","title":"should create CI performance monitor","duration":0.5945420000000468,"failureMessages":[],"location":{"line":74,"column":3},"meta":{}},{"ancestorTitles":["Utility functions"],"fullName":"Utility functions should measure execution time","status":"passed","title":"should measure execution time","duration":0.3695829999999205,"failureMessages":[],"location":{"line":88,"column":3},"meta":{}},{"ancestorTitles":["Utility functions"],"fullName":"Utility functions should check performance thresholds","status":"passed","title":"should check performance thresholds","duration":2.100834000000077,"failureMessages":[],"location":{"line":104,"column":3},"meta":{}},{"ancestorTitles":["Utility functions"],"fullName":"Utility functions should compare with baseline","status":"passed","title":"should compare with baseline","duration":0.49487500000009277,"failureMessages":[],"location":{"line":118,"column":3},"meta":{}}],"startTime":1749001472566,"endTime":1749001472593.4949,"status":"passed","message":"","name":"/Users/fristname_lastname/Documents/Obsidian/dboard/src/lib/performance.test.ts"},{"assertionResults":[{"ancestorTitles":["Application Integration Tests"],"fullName":"Application Integration Tests renders complete application structure","status":"passed","title":"renders complete application structure","duration":76.51149999999984,"failureMessages":[],"location":{"line":15,"column":3},"meta":{}},{"ancestorTitles":["Application Integration Tests"],"fullName":"Application Integration Tests environment component integrates properly with app structure","status":"passed","title":"environment component integrates properly with app structure","duration":5.824041999999963,"failureMessages":[],"location":{"line":26,"column":3},"meta":{}},{"ancestorTitles":["Application Integration Tests"],"fullName":"Application Integration Tests handles component interactions correctly","status":"passed","title":"handles component interactions correctly","duration":3.563333000000057,"failureMessages":[],"location":{"line":36,"column":3},"meta":{}},{"ancestorTitles":["Application Integration Tests"],"fullName":"Application Integration Tests maintains proper accessibility throughout the app","status":"passed","title":"maintains proper accessibility throughout the app","duration":18.489458999999897,"failureMessages":[],"location":{"line":47,"column":3},"meta":{}}],"startTime":1749001472868,"endTime":1749001472972.4895,"status":"passed","message":"","name":"/Users/fristname_lastname/Documents/Obsidian/dboard/tests/integration/app-integration.test.tsx"},{"assertionResults":[{"ancestorTitles":["Integration Tests - Enhanced Testing Environment","Browser API Mocking"],"fullName":"Integration Tests - Enhanced Testing Environment Browser API Mocking should work with mocked localStorage","status":"passed","title":"should work with mocked localStorage","duration":1.8874580000001515,"failureMessages":[],"location":{"line":17,"column":5},"meta":{}},{"ancestorTitles":["Integration Tests - Enhanced Testing Environment","Browser API Mocking"],"fullName":"Integration Tests - Enhanced Testing Environment Browser API Mocking should work with mocked fetch","status":"passed","title":"should work with mocked fetch","duration":0.49320799999986775,"failureMessages":[],"location":{"line":29,"column":5},"meta":{}},{"ancestorTitles":["Integration Tests - Enhanced Testing Environment","React 19 Compatibility"],"fullName":"Integration Tests - Enhanced Testing Environment React 19 Compatibility should handle async components properly","status":"passed","title":"should handle async components properly","duration":18.951916999999867,"failureMessages":[],"location":{"line":41,"column":5},"meta":{}}],"startTime":1749001472636,"endTime":1749001472657.952,"status":"passed","message":"","name":"/Users/fristname_lastname/Documents/Obsidian/dboard/tests/integration/enhanced-testing.test.tsx"},{"assertionResults":[{"ancestorTitles":["Environment Configuration","getAppConfig"],"fullName":"Environment Configuration getAppConfig returns application configuration object","status":"passed","title":"returns application configuration object","duration":1.2065840000000208,"failureMessages":[],"location":{"line":16,"column":5},"meta":{}},{"ancestorTitles":["Environment Configuration","getAppConfig"],"fullName":"Environment Configuration getAppConfig includes required app fields","status":"passed","title":"includes required app fields","duration":3.0779999999999745,"failureMessages":[],"location":{"line":22,"column":5},"meta":{}},{"ancestorTitles":["Environment Configuration","getGoogleSheetsConfig"],"fullName":"Environment Configuration getGoogleSheetsConfig returns null when credentials are not available","status":"passed","title":"returns null when credentials are not available","duration":0.3945420000000013,"failureMessages":[],"location":{"line":31,"column":5},"meta":{}},{"ancestorTitles":["Environment Configuration","getAuthConfig"],"fullName":"Environment Configuration getAuthConfig returns null when auth config is not available","status":"passed","title":"returns null when auth config is not available","duration":0.15124999999989086,"failureMessages":[],"location":{"line":38,"column":5},"meta":{}},{"ancestorTitles":["Environment Configuration","getAnalyticsConfig"],"fullName":"Environment Configuration getAnalyticsConfig returns analytics configuration object","status":"passed","title":"returns analytics configuration object","duration":0.2092090000001008,"failureMessages":[],"location":{"line":45,"column":5},"meta":{}},{"ancestorTitles":["Environment Configuration","getFeatureFlags"],"fullName":"Environment Configuration getFeatureFlags returns feature flags configuration","status":"passed","title":"returns feature flags configuration","duration":0.19450000000006185,"failureMessages":[],"location":{"line":53,"column":5},"meta":{}},{"ancestorTitles":["Environment Configuration","Environment Detection"],"fullName":"Environment Configuration Environment Detection correctly identifies test environment","status":"passed","title":"correctly identifies test environment","duration":0.1748330000000351,"failureMessages":[],"location":{"line":63,"column":5},"meta":{}},{"ancestorTitles":["Environment Configuration","Environment Detection"],"fullName":"Environment Configuration Environment Detection returns boolean values for environment checks","status":"passed","title":"returns boolean values for environment checks","duration":0.29862500000012915,"failureMessages":[],"location":{"line":69,"column":5},"meta":{}}],"startTime":1749001472553,"endTime":1749001472559.2986,"status":"passed","message":"","name":"/Users/fristname_lastname/Documents/Obsidian/dboard/tests/unit/env.test.ts"},{"assertionResults":[{"ancestorTitles":["Enhanced Testing Environment - Async Utilities","waitForCondition"],"fullName":"Enhanced Testing Environment - Async Utilities waitForCondition should wait for condition to be met","status":"passed","title":"should wait for condition to be met","duration":123.95166700000004,"failureMessages":[],"location":{"line":18,"column":5},"meta":{}},{"ancestorTitles":["Enhanced Testing Environment - Async Utilities","waitForCondition"],"fullName":"Enhanced Testing Environment - Async Utilities waitForCondition should timeout if condition is not met","status":"passed","title":"should timeout if condition is not met","duration":131.5193330000002,"failureMessages":[],"location":{"line":29,"column":5},"meta":{}},{"ancestorTitles":["Enhanced Testing Environment - Async Utilities","waitForElement"],"fullName":"Enhanced Testing Environment - Async Utilities waitForElement should wait for element to appear in DOM","status":"passed","title":"should wait for element to appear in DOM","duration":65.16612499999997,"failureMessages":[],"location":{"line":37,"column":5},"meta":{}},{"ancestorTitles":["Enhanced Testing Environment - Async Utilities","waitForElementText"],"fullName":"Enhanced Testing Environment - Async Utilities waitForElementText should wait for element to contain specific text","status":"passed","title":"should wait for element to contain specific text","duration":52.23958300000004,"failureMessages":[],"location":{"line":51,"column":5},"meta":{}},{"ancestorTitles":["Enhanced Testing Environment - Async Utilities","pollUntil"],"fullName":"Enhanced Testing Environment - Async Utilities pollUntil should poll until predicate returns true","status":"passed","title":"should poll until predicate returns true","duration":24.09304199999997,"failureMessages":[],"location":{"line":66,"column":5},"meta":{}},{"ancestorTitles":["Enhanced Testing Environment - Async Utilities","createDeferred"],"fullName":"Enhanced Testing Environment - Async Utilities createDeferred should create a deferred promise","status":"passed","title":"should create a deferred promise","duration":51.80620900000008,"failureMessages":[],"location":{"line":80,"column":5},"meta":{}},{"ancestorTitles":["Enhanced Testing Environment - Async Utilities","withTimeout"],"fullName":"Enhanced Testing Environment - Async Utilities withTimeout should resolve when promise completes within timeout","status":"passed","title":"should resolve when promise completes within timeout","duration":52.04508299999998,"failureMessages":[],"location":{"line":93,"column":5},"meta":{}},{"ancestorTitles":["Enhanced Testing Environment - Async Utilities","withTimeout"],"fullName":"Enhanced Testing Environment - Async Utilities withTimeout should reject when promise exceeds timeout","status":"passed","title":"should reject when promise exceeds timeout","duration":102.19241699999998,"failureMessages":[],"location":{"line":102,"column":5},"meta":{}},{"ancestorTitles":["Enhanced Testing Environment - DOM Utilities","domUtils"],"fullName":"Enhanced Testing Environment - DOM Utilities domUtils should create clean environment","status":"passed","title":"should create clean environment","duration":1.14712499999996,"failureMessages":[],"location":{"line":114,"column":5},"meta":{}},{"ancestorTitles":["Enhanced Testing Environment - DOM Utilities","domUtils"],"fullName":"Enhanced Testing Environment - DOM Utilities domUtils should set viewport dimensions","status":"passed","title":"should set viewport dimensions","duration":0.2648340000000644,"failureMessages":[],"location":{"line":124,"column":5},"meta":{}},{"ancestorTitles":["Enhanced Testing Environment - DOM Utilities","domUtils"],"fullName":"Enhanced Testing Environment - DOM Utilities domUtils should create elements with attributes","status":"passed","title":"should create elements with attributes","duration":0.40029200000003584,"failureMessages":[],"location":{"line":131,"column":5},"meta":{}},{"ancestorTitles":["Enhanced Testing Environment - DOM Utilities","domUtils"],"fullName":"Enhanced Testing Environment - DOM Utilities domUtils should simulate user interactions","status":"passed","title":"should simulate user interactions","duration":0.6404170000000704,"failureMessages":[],"location":{"line":147,"column":5},"meta":{}}],"startTime":1749001472588,"endTime":1749001473195.6404,"status":"passed","message":"","name":"/Users/fristname_lastname/Documents/Obsidian/dboard/tests/unit/testing-environment.test.ts"},{"assertionResults":[{"ancestorTitles":["EnvTestComponent"],"fullName":"EnvTestComponent renders environment variables section","status":"passed","title":"renders environment variables section","duration":22.671916999999894,"failureMessages":[],"location":{"line":8,"column":3},"meta":{}},{"ancestorTitles":["EnvTestComponent"],"fullName":"EnvTestComponent displays test button","status":"passed","title":"displays test button","duration":17.410667000000103,"failureMessages":[],"location":{"line":13,"column":3},"meta":{}},{"ancestorTitles":["EnvTestComponent"],"fullName":"EnvTestComponent shows proper instructional text","status":"passed","title":"shows proper instructional text","duration":2.936999999999898,"failureMessages":[],"location":{"line":18,"column":3},"meta":{}},{"ancestorTitles":["EnvTestComponent"],"fullName":"EnvTestComponent has proper structure with button","status":"passed","title":"has proper structure with button","duration":15.015166999999792,"failureMessages":[],"location":{"line":25,"column":3},"meta":{}}],"startTime":1749001472636,"endTime":1749001472694.0151,"status":"passed","message":"","name":"/Users/fristname_lastname/Documents/Obsidian/dboard/src/components/debug/EnvTestComponent.test.tsx"}]}